{"E:\\projectText\\firstVueDemo\\linsFirstVueDemo\\src\\components\\HelloWorld.vue": {"path":"E:\\projectText\\firstVueDemo\\linsFirstVueDemo\\src\\components\\HelloWorld.vue","statementMap":{"0":{"start":{"line":23,"column":0},"end":{"line":null,"column":-1}}},"fnMap":{"0":{"name":"data","decl":{"start":{"line":22,"column":0},"end":{"line":null,"column":-1}},"loc":{"start":{"line":22,"column":0},"end":{"line":26,"column":0}}},"1":{"name":"created","decl":{"start":{"line":27,"column":0},"end":{"line":null,"column":-1}},"loc":{"start":{"line":27,"column":0},"end":{"line":29,"column":0}}}},"branchMap":{},"s":{"0":1},"f":{"0":1,"1":1},"b":{}}
,"E:\\projectText\\firstVueDemo\\linsFirstVueDemo\\src\\components\\lin1.vue": {"path":"E:\\projectText\\firstVueDemo\\linsFirstVueDemo\\src\\components\\lin1.vue","statementMap":{"0":{"start":{"line":15,"column":0},"end":{"line":null,"column":-1}}},"fnMap":{"0":{"name":"data","decl":{"start":{"line":14,"column":0},"end":{"line":null,"column":-1}},"loc":{"start":{"line":14,"column":0},"end":{"line":18,"column":0}}}},"branchMap":{},"s":{"0":0},"f":{"0":0},"b":{}}
,"E:\\projectText\\firstVueDemo\\linsFirstVueDemo\\src\\components\\lin2.vue": {"path":"E:\\projectText\\firstVueDemo\\linsFirstVueDemo\\src\\components\\lin2.vue","statementMap":{"0":{"start":{"line":67,"column":0},"end":{"line":null,"column":-1}},"1":{"start":{"line":84,"column":0},"end":{"line":null,"column":-1}}},"fnMap":{"0":{"name":"data","decl":{"start":{"line":66,"column":0},"end":{"line":null,"column":-1}},"loc":{"start":{"line":66,"column":0},"end":{"line":81,"column":0}}},"1":{"name":"onSubmit","decl":{"start":{"line":83,"column":0},"end":{"line":null,"column":-1}},"loc":{"start":{"line":83,"column":0},"end":{"line":85,"column":0}}}},"branchMap":{},"s":{"0":0,"1":0},"f":{"0":0,"1":0},"b":{}}
,"E:\\projectText\\firstVueDemo\\linsFirstVueDemo\\src\\components\\SvgIcon\\index.vue": {"path":"E:\\projectText\\firstVueDemo\\linsFirstVueDemo\\src\\components\\SvgIcon\\index.vue","statementMap":{"0":{"start":{"line":18,"column":0},"end":{"line":null,"column":-1}}},"fnMap":{"0":{"name":"iconName","decl":{"start":{"line":17,"column":0},"end":{"line":null,"column":-1}},"loc":{"start":{"line":17,"column":0},"end":{"line":19,"column":0}}}},"branchMap":{},"s":{"0":0},"f":{"0":0},"b":{}}
,"E:\\projectText\\firstVueDemo\\linsFirstVueDemo\\src\\views\\lin3.vue": {"path":"E:\\projectText\\firstVueDemo\\linsFirstVueDemo\\src\\views\\lin3.vue","statementMap":{"0":{"start":{"line":15,"column":0},"end":{"line":null,"column":-1}},"1":{"start":{"line":21,"column":0},"end":{"line":null,"column":-1}}},"fnMap":{"0":{"name":"data","decl":{"start":{"line":14,"column":0},"end":{"line":null,"column":-1}},"loc":{"start":{"line":14,"column":0},"end":{"line":18,"column":0}}},"1":{"name":"author","decl":{"start":{"line":20,"column":0},"end":{"line":null,"column":-1}},"loc":{"start":{"line":20,"column":0},"end":{"line":22,"column":0}}}},"branchMap":{},"s":{"0":0,"1":0},"f":{"0":0,"1":0},"b":{}}
,"E:\\projectText\\firstVueDemo\\linsFirstVueDemo\\src\\vuex\\store.js": {"path":"E:\\projectText\\firstVueDemo\\linsFirstVueDemo\\src\\vuex\\store.js","statementMap":{"0":{"start":{"line":1,"column":0},"end":{"line":null,"column":-1}},"1":{"start":{"line":2,"column":0},"end":{"line":null,"column":-1}},"2":{"start":{"line":4,"column":0},"end":{"line":null,"column":-1}},"3":{"start":{"line":6,"column":14},"end":{"line":6,"column":0}}},"fnMap":{},"branchMap":{},"s":{"0":0,"1":0,"2":0,"3":0},"f":{},"b":{}}
}
