TN:
SF:E:\projectText\firstVueDemo\linsFirstVueDemo\src\components\HelloWorld.vue
FN:22,data
FN:27,created
FNF:2
FNH:2
FNDA:1,data
FNDA:1,created
DA:23,1
LF:1
LH:1
BRF:0
BRH:0
end_of_record
TN:
SF:E:\projectText\firstVueDemo\linsFirstVueDemo\src\components\lin1.vue
FN:14,data
FNF:1
FNH:0
FNDA:0,data
DA:15,0
LF:1
LH:0
BRF:0
BRH:0
end_of_record
TN:
SF:E:\projectText\firstVueDemo\linsFirstVueDemo\src\components\lin2.vue
FN:66,data
FN:83,onSubmit
FNF:2
FNH:0
FNDA:0,data
FNDA:0,onSubmit
DA:67,0
DA:84,0
LF:2
LH:0
BRF:0
BRH:0
end_of_record
TN:
SF:E:\projectText\firstVueDemo\linsFirstVueDemo\src\components\SvgIcon\index.vue
FN:17,iconName
FNF:1
FNH:0
FNDA:0,iconName
DA:18,0
LF:1
LH:0
BRF:0
BRH:0
end_of_record
TN:
SF:E:\projectText\firstVueDemo\linsFirstVueDemo\src\views\lin3.vue
FN:14,data
FN:20,author
FNF:2
FNH:0
FNDA:0,data
FNDA:0,author
DA:15,0
DA:21,0
LF:2
LH:0
BRF:0
BRH:0
end_of_record
TN:
SF:E:\projectText\firstVueDemo\linsFirstVueDemo\src\vuex\store.js
FNF:0
FNH:0
DA:1,0
DA:2,0
DA:4,0
DA:6,0
LF:4
LH:0
BRF:0
BRH:0
end_of_record
